<?xml version="1.0" encoding="UTF-8"?>
<!-- Generated by org.testng.reporters.JUnitReportReporter -->
<testsuite skipped="0" hostname="admin-PC" name="seleniumGrid.Grid2" tests="2" failures="0" timestamp="08 Dec 2017 05:10:28 GMT" time="26.978" errors="0">
  <testcase name="applicationAccess1" time="15.730" classname="seleniumGrid.Grid2"/>
  <testcase name="applicationAccess2" time="11.248" classname="seleniumGrid.Grid2"/>
</testsuite> <!-- seleniumGrid.Grid2 -->
