<?xml version="1.0" encoding="UTF-8"?>
<!-- Generated by org.testng.reporters.JUnitReportReporter -->
<testsuite skipped="0" hostname="admin-PC" name="vtiger_CRM.TC_3_EditLead" tests="1" failures="0" timestamp="20 Nov 2017 09:29:39 GMT" time="32.148" errors="0">
  <testcase name="test" time="32.148" classname="vtiger_CRM.TC_3_EditLead"/>
</testsuite> <!-- vtiger_CRM.TC_3_EditLead -->
