<?xml version="1.0" encoding="UTF-8"?>
<!-- Generated by org.testng.reporters.JUnitReportReporter -->
<testsuite skipped="0" hostname="admin-PC" name="testNg.TeatNg_Ex1" tests="1" failures="0" timestamp="05 Nov 2017 05:55:43 GMT" time="6.347" errors="0">
  <testcase name="VerifyOrangeHRM" time="6.347" classname="testNg.TeatNg_Ex1"/>
</testsuite> <!-- testNg.TeatNg_Ex1 -->
