<?xml version="1.0" encoding="UTF-8"?>
<!-- Generated by org.testng.reporters.JUnitReportReporter -->
<testsuite skipped="0" hostname="admin-PC" name="seleniumGrid.CorrectExample" tests="3" failures="0" timestamp="06 Dec 2017 05:38:25 GMT" time="53.629" errors="0">
  <testcase name="ApplicationAccess1" time="19.601" classname="seleniumGrid.CorrectExample"/>
  <testcase name="ApplicationAccess3" time="16.988" classname="seleniumGrid.CorrectExample"/>
  <testcase name="ApplicationAccess2" time="17.040" classname="seleniumGrid.CorrectExample"/>
</testsuite> <!-- seleniumGrid.CorrectExample -->
