<?xml version="1.0" encoding="UTF-8"?>
<!-- Generated by org.testng.reporters.JUnitReportReporter -->
<testsuite skipped="0" hostname="admin-PC" name="webDriverEx.TestNG" tests="2" failures="0" timestamp="05 Nov 2017 05:44:19 GMT" time="0.008" errors="0">
  <testcase name="Method4" time="0.006" classname="webDriverEx.TestNG"/>
  <testcase name="method3" time="0.002" classname="webDriverEx.TestNG"/>
</testsuite> <!-- webDriverEx.TestNG -->
