<?xml version="1.0" encoding="UTF-8"?>
<!-- Generated by org.testng.reporters.JUnitReportReporter -->
<testsuite skipped="0" hostname="admin-PC" name="vtiger_CRM.TC_2" tests="1" failures="0" timestamp="15 Nov 2017 04:58:26 GMT" time="21.399" errors="0">
  <testcase name="m" time="21.399" classname="vtiger_CRM.TC_2"/>
</testsuite> <!-- vtiger_CRM.TC_2 -->
