<?xml version="1.0" encoding="UTF-8"?>
<!-- Generated by org.testng.reporters.JUnitReportReporter -->
<testsuite skipped="0" hostname="admin-PC" name="seleniumGrid.GridPractise" tests="2" failures="0" timestamp="07 Dec 2017 08:37:29 GMT" time="32.471" errors="0">
  <testcase name="ApplicationAccess1" time="21.859" classname="seleniumGrid.GridPractise"/>
  <testcase name="ApplicationAccess2" time="10.612" classname="seleniumGrid.GridPractise"/>
</testsuite> <!-- seleniumGrid.GridPractise -->
