<?xml version="1.0" encoding="UTF-8"?>
<!-- Generated by org.testng.reporters.JUnitReportReporter -->
<testsuite skipped="0" hostname="admin-PC" name="testNg.TeatNg_Ex1" tests="1" failures="0" timestamp="15 Nov 2017 09:16:35 GMT" time="5.174" errors="0">
  <testcase name="VerifyOrangeHRM" time="5.174" classname="testNg.TeatNg_Ex1"/>
</testsuite> <!-- testNg.TeatNg_Ex1 -->
