<?xml version="1.0" encoding="UTF-8"?>
<!-- Generated by org.testng.reporters.JUnitReportReporter -->
<testsuite skipped="0" hostname="admin-PC" name="vtiger_CRM.TC_2" tests="1" failures="0" timestamp="06 Nov 2017 10:10:51 GMT" time="28.833" errors="0">
  <testcase name="m" time="28.833" classname="vtiger_CRM.TC_2"/>
</testsuite> <!-- vtiger_CRM.TC_2 -->
